[INFO  - 2016-08-22T08:38:58.497Z] GhostDriver - Main - running on port 49883
[INFO  - 2016-08-22T08:38:58.881Z] Session [dea40ed0-6843-11e6-8c8a-076daea70f3c] - page.settings - {"XSSAuditingEnabled":false,"javascriptCanCloseWindows":true,"javascriptCanOpenWindows":true,"javascriptEnabled":true,"loadImages":true,"localToRemoteUrlAccessEnabled":false,"userAgent":"Mozilla/5.0 (Macintosh; Intel Mac OS X 10_11_1) AppleWebKit/537.36 (KHTML, like Gecko) Chrome/51.0.2704.103 Safari/537.36","webSecurityEnabled":true}
[INFO  - 2016-08-22T08:38:58.881Z] Session [dea40ed0-6843-11e6-8c8a-076daea70f3c] - page.customHeaders:  - {}
[INFO  - 2016-08-22T08:38:58.881Z] Session [dea40ed0-6843-11e6-8c8a-076daea70f3c] - Session.negotiatedCapabilities - {"browserName":"phantomjs","version":"2.1.1","driverName":"ghostdriver","driverVersion":"1.2.0","platform":"mac-10.11 (El Capitan)-64bit","javascriptEnabled":true,"takesScreenshot":true,"handlesAlerts":false,"databaseEnabled":false,"locationContextEnabled":false,"applicationCacheEnabled":false,"browserConnectionEnabled":false,"cssSelectorsEnabled":true,"webStorageEnabled":false,"rotatable":false,"acceptSslCerts":false,"nativeEvents":true,"proxy":{"proxyType":"direct"},"phantomjs.page.settings.userAgent":"Mozilla/5.0 (Macintosh; Intel Mac OS X 10_11_1) AppleWebKit/537.36 (KHTML, like Gecko) Chrome/51.0.2704.103 Safari/537.36"}
[INFO  - 2016-08-22T08:38:58.881Z] SessionManagerReqHand - _postNewSessionCommand - New Session Created: dea40ed0-6843-11e6-8c8a-076daea70f3c
[ERROR - 2016-08-22T08:39:08.902Z] Session [dea40ed0-6843-11e6-8c8a-076daea70f3c] - page.onError - msg: SyntaxError: JSON Parse error: Unexpected EOF

  phantomjs://platform/console++.js:263 in error
[ERROR - 2016-08-22T08:39:08.902Z] Session [dea40ed0-6843-11e6-8c8a-076daea70f3c] - page.onError - stack:
  parse (https://hackerearth.global.ssl.fastly.net/static/base/base1.0.1.js?v=10.0:1)
  complete (https://hackerearth.global.ssl.fastly.net/static/base/base1.0.1.js?v=10.0:1)
  l (https://hackerearth.global.ssl.fastly.net/static/js/alljs.js?v=2.9:1)
  fireWith (https://hackerearth.global.ssl.fastly.net/static/js/alljs.js?v=2.9:1)
  d (https://hackerearth.global.ssl.fastly.net/static/js/alljs.js?v=2.9:3)
  d (https://hackerearth.global.ssl.fastly.net/static/js/alljs.js?v=2.9:3)
  openUrl (:0)
  open (phantomjs://platform/webpage.js:281)
  (anonymous function) (phantomjs://code/session_request_handler.js:495)
  _execFuncAndWaitForLoadDecorator (phantomjs://code/session.js:212)
  _postUrlCommand (phantomjs://code/session_request_handler.js:494)
  _handle (phantomjs://code/session_request_handler.js:91)
  _reroute (phantomjs://code/request_handler.js:61)
  _handle (phantomjs://code/router_request_handler.js:78)

  phantomjs://platform/console++.js:263 in error
[INFO  - 2016-08-22T08:43:58.537Z] SessionManagerReqHand - _cleanupWindowlessSessions - Asynchronous Sessions clean-up phase starting NOW
[INFO  - 2016-08-22T08:48:58.512Z] SessionManagerReqHand - _cleanupWindowlessSessions - Asynchronous Sessions clean-up phase starting NOW
[INFO  - 2016-08-22T08:53:58.832Z] SessionManagerReqHand - _cleanupWindowlessSessions - Asynchronous Sessions clean-up phase starting NOW
[INFO  - 2016-08-22T08:58:58.822Z] SessionManagerReqHand - _cleanupWindowlessSessions - Asynchronous Sessions clean-up phase starting NOW
[INFO  - 2016-08-22T09:03:58.813Z] SessionManagerReqHand - _cleanupWindowlessSessions - Asynchronous Sessions clean-up phase starting NOW
[INFO  - 2016-08-22T09:08:58.804Z] SessionManagerReqHand - _cleanupWindowlessSessions - Asynchronous Sessions clean-up phase starting NOW
[INFO  - 2016-08-22T09:13:58.794Z] SessionManagerReqHand - _cleanupWindowlessSessions - Asynchronous Sessions clean-up phase starting NOW
[INFO  - 2016-08-22T09:18:58.812Z] SessionManagerReqHand - _cleanupWindowlessSessions - Asynchronous Sessions clean-up phase starting NOW
[INFO  - 2016-08-22T09:23:58.804Z] SessionManagerReqHand - _cleanupWindowlessSessions - Asynchronous Sessions clean-up phase starting NOW
[INFO  - 2016-08-22T09:28:58.794Z] SessionManagerReqHand - _cleanupWindowlessSessions - Asynchronous Sessions clean-up phase starting NOW
[ERROR - 2016-08-22T09:32:11.457Z] WebElementLocator - _handleLocateCommand - Element(s) NOT Found: GAVE UP. Search Stop Time: 1471858331454

  phantomjs://platform/console++.js:263 in error
[ERROR - 2016-08-22T09:32:13.376Z] WebElementLocator - _handleLocateCommand - Element(s) NOT Found: GAVE UP. Search Stop Time: 1471858333334

  phantomjs://platform/console++.js:263 in error
[INFO  - 2016-08-22T09:33:58.788Z] SessionManagerReqHand - _cleanupWindowlessSessions - Asynchronous Sessions clean-up phase starting NOW
[INFO  - 2016-08-22T09:38:58.778Z] SessionManagerReqHand - _cleanupWindowlessSessions - Asynchronous Sessions clean-up phase starting NOW
[INFO  - 2016-08-22T09:43:59.157Z] SessionManagerReqHand - _cleanupWindowlessSessions - Asynchronous Sessions clean-up phase starting NOW
[INFO  - 2016-08-22T09:48:59.176Z] SessionManagerReqHand - _cleanupWindowlessSessions - Asynchronous Sessions clean-up phase starting NOW
[INFO  - 2016-08-22T09:53:59.172Z] SessionManagerReqHand - _cleanupWindowlessSessions - Asynchronous Sessions clean-up phase starting NOW
[INFO  - 2016-08-22T09:58:59.165Z] SessionManagerReqHand - _cleanupWindowlessSessions - Asynchronous Sessions clean-up phase starting NOW
[ERROR - 2016-08-22T10:01:31.901Z] WebElementLocator - _handleLocateCommand - Element(s) NOT Found: GAVE UP. Search Stop Time: 1471860091891

  phantomjs://platform/console++.js:263 in error
[INFO  - 2016-08-22T10:03:59.242Z] SessionManagerReqHand - _cleanupWindowlessSessions - Asynchronous Sessions clean-up phase starting NOW
[ERROR - 2016-08-22T10:04:51.327Z] WebElementLocator - _handleLocateCommand - Element(s) NOT Found: GAVE UP. Search Stop Time: 1471860291271

  phantomjs://platform/console++.js:263 in error
[INFO  - 2016-08-22T10:08:59.238Z] SessionManagerReqHand - _cleanupWindowlessSessions - Asynchronous Sessions clean-up phase starting NOW
[INFO  - 2016-08-22T10:13:59.331Z] SessionManagerReqHand - _cleanupWindowlessSessions - Asynchronous Sessions clean-up phase starting NOW
[INFO  - 2016-08-22T10:18:59.360Z] SessionManagerReqHand - _cleanupWindowlessSessions - Asynchronous Sessions clean-up phase starting NOW
[INFO  - 2016-08-22T10:23:59.422Z] SessionManagerReqHand - _cleanupWindowlessSessions - Asynchronous Sessions clean-up phase starting NOW
[INFO  - 2016-08-22T10:28:59.754Z] SessionManagerReqHand - _cleanupWindowlessSessions - Asynchronous Sessions clean-up phase starting NOW
[INFO  - 2016-08-22T10:33:59.771Z] SessionManagerReqHand - _cleanupWindowlessSessions - Asynchronous Sessions clean-up phase starting NOW
[INFO  - 2016-08-22T10:38:59.721Z] SessionManagerReqHand - _cleanupWindowlessSessions - Asynchronous Sessions clean-up phase starting NOW
[INFO  - 2016-08-22T10:43:59.738Z] SessionManagerReqHand - _cleanupWindowlessSessions - Asynchronous Sessions clean-up phase starting NOW
[INFO  - 2016-08-22T10:48:59.727Z] SessionManagerReqHand - _cleanupWindowlessSessions - Asynchronous Sessions clean-up phase starting NOW
[INFO  - 2016-08-22T10:53:59.718Z] SessionManagerReqHand - _cleanupWindowlessSessions - Asynchronous Sessions clean-up phase starting NOW
[INFO  - 2016-08-22T10:58:59.708Z] SessionManagerReqHand - _cleanupWindowlessSessions - Asynchronous Sessions clean-up phase starting NOW
[INFO  - 2016-08-22T11:03:59.697Z] SessionManagerReqHand - _cleanupWindowlessSessions - Asynchronous Sessions clean-up phase starting NOW
[ERROR - 2016-08-22T11:05:50.031Z] WebElementLocator - _handleLocateCommand - Element(s) NOT Found: GAVE UP. Search Stop Time: 1471863950030

  phantomjs://platform/console++.js:263 in error
[INFO  - 2016-08-22T11:08:59.693Z] SessionManagerReqHand - _cleanupWindowlessSessions - Asynchronous Sessions clean-up phase starting NOW
[INFO  - 2016-08-22T11:13:59.682Z] SessionManagerReqHand - _cleanupWindowlessSessions - Asynchronous Sessions clean-up phase starting NOW
[INFO  - 2016-08-22T11:18:59.675Z] SessionManagerReqHand - _cleanupWindowlessSessions - Asynchronous Sessions clean-up phase starting NOW
[INFO  - 2016-08-22T11:23:59.700Z] SessionManagerReqHand - _cleanupWindowlessSessions - Asynchronous Sessions clean-up phase starting NOW
[INFO  - 2016-08-22T11:28:59.690Z] SessionManagerReqHand - _cleanupWindowlessSessions - Asynchronous Sessions clean-up phase starting NOW
[INFO  - 2016-08-22T11:33:59.683Z] SessionManagerReqHand - _cleanupWindowlessSessions - Asynchronous Sessions clean-up phase starting NOW
[INFO  - 2016-08-22T11:39:00.082Z] SessionManagerReqHand - _cleanupWindowlessSessions - Asynchronous Sessions clean-up phase starting NOW
[ERROR - 2016-08-22T11:40:42.342Z] WebElementLocator - _handleLocateCommand - Element(s) NOT Found: GAVE UP. Search Stop Time: 1471866042331

  phantomjs://platform/console++.js:263 in error
[ERROR - 2016-08-22T11:41:57.759Z] WebElementLocator - _handleLocateCommand - Element(s) NOT Found: GAVE UP. Search Stop Time: 1471866117628

  phantomjs://platform/console++.js:263 in error
[INFO  - 2016-08-22T11:44:00.048Z] SessionManagerReqHand - _cleanupWindowlessSessions - Asynchronous Sessions clean-up phase starting NOW
[ERROR - 2016-08-22T11:44:26.480Z] WebElementLocator - _handleLocateCommand - Element(s) NOT Found: GAVE UP. Search Stop Time: 1471866266469

  phantomjs://platform/console++.js:263 in error
[INFO  - 2016-08-22T11:49:00.081Z] SessionManagerReqHand - _cleanupWindowlessSessions - Asynchronous Sessions clean-up phase starting NOW
[INFO  - 2016-08-22T11:54:00.098Z] SessionManagerReqHand - _cleanupWindowlessSessions - Asynchronous Sessions clean-up phase starting NOW
[INFO  - 2016-08-22T11:59:00.082Z] SessionManagerReqHand - _cleanupWindowlessSessions - Asynchronous Sessions clean-up phase starting NOW
[INFO  - 2016-08-22T12:04:00.073Z] SessionManagerReqHand - _cleanupWindowlessSessions - Asynchronous Sessions clean-up phase starting NOW
[INFO  - 2016-08-22T12:09:00.064Z] SessionManagerReqHand - _cleanupWindowlessSessions - Asynchronous Sessions clean-up phase starting NOW
[ERROR - 2016-08-22T12:10:55.193Z] WebElementLocator - _handleLocateCommand - Element(s) NOT Found: GAVE UP. Search Stop Time: 1471867855183

  phantomjs://platform/console++.js:263 in error
[ERROR - 2016-08-22T12:11:04.122Z] WebElementLocator - _handleLocateCommand - Element(s) NOT Found: GAVE UP. Search Stop Time: 1471867864092

  phantomjs://platform/console++.js:263 in error
[INFO  - 2016-08-22T12:14:00.221Z] SessionManagerReqHand - _cleanupWindowlessSessions - Asynchronous Sessions clean-up phase starting NOW
[ERROR - 2016-08-22T12:14:34.391Z] WebElementLocator - _handleLocateCommand - Element(s) NOT Found: GAVE UP. Search Stop Time: 1471868074370

  phantomjs://platform/console++.js:263 in error
[ERROR - 2016-08-22T12:16:15.453Z] WebElementLocator - _handleLocateCommand - Element(s) NOT Found: GAVE UP. Search Stop Time: 1471868175447

  phantomjs://platform/console++.js:263 in error
[ERROR - 2016-08-22T12:16:17.259Z] WebElementLocator - _handleLocateCommand - Element(s) NOT Found: GAVE UP. Search Stop Time: 1471868177241

  phantomjs://platform/console++.js:263 in error
[ERROR - 2016-08-22T12:16:19.063Z] WebElementLocator - _handleLocateCommand - Element(s) NOT Found: GAVE UP. Search Stop Time: 1471868179008

  phantomjs://platform/console++.js:263 in error
[INFO  - 2016-08-22T12:19:00.193Z] SessionManagerReqHand - _cleanupWindowlessSessions - Asynchronous Sessions clean-up phase starting NOW
[INFO  - 2016-08-22T12:24:00.217Z] SessionManagerReqHand - _cleanupWindowlessSessions - Asynchronous Sessions clean-up phase starting NOW
[ERROR - 2016-08-22T12:24:08.444Z] WebElementLocator - _handleLocateCommand - Element(s) NOT Found: GAVE UP. Search Stop Time: 1471868648417

  phantomjs://platform/console++.js:263 in error
[INFO  - 2016-08-22T12:29:00.457Z] SessionManagerReqHand - _cleanupWindowlessSessions - Asynchronous Sessions clean-up phase starting NOW
[INFO  - 2016-08-22T12:34:00.597Z] SessionManagerReqHand - _cleanupWindowlessSessions - Asynchronous Sessions clean-up phase starting NOW
[INFO  - 2016-08-22T12:39:00.588Z] SessionManagerReqHand - _cleanupWindowlessSessions - Asynchronous Sessions clean-up phase starting NOW
[INFO  - 2016-08-22T12:44:00.597Z] SessionManagerReqHand - _cleanupWindowlessSessions - Asynchronous Sessions clean-up phase starting NOW
[INFO  - 2016-08-22T12:49:00.576Z] SessionManagerReqHand - _cleanupWindowlessSessions - Asynchronous Sessions clean-up phase starting NOW
[ERROR - 2016-08-22T12:52:51.867Z] WebElementLocator - _handleLocateCommand - Element(s) NOT Found: GAVE UP. Search Stop Time: 1471870371848

  phantomjs://platform/console++.js:263 in error
[INFO  - 2016-08-22T12:54:00.566Z] SessionManagerReqHand - _cleanupWindowlessSessions - Asynchronous Sessions clean-up phase starting NOW
[INFO  - 2016-08-22T12:59:00.672Z] SessionManagerReqHand - _cleanupWindowlessSessions - Asynchronous Sessions clean-up phase starting NOW
[INFO  - 2016-08-22T13:04:00.731Z] SessionManagerReqHand - _cleanupWindowlessSessions - Asynchronous Sessions clean-up phase starting NOW
[ERROR - 2016-08-22T13:04:04.552Z] WebElementLocator - _handleLocateCommand - Element(s) NOT Found: GAVE UP. Search Stop Time: 1471871044536

  phantomjs://platform/console++.js:263 in error
[ERROR - 2016-08-22T13:04:14.752Z] WebElementLocator - _handleLocateCommand - Element(s) NOT Found: GAVE UP. Search Stop Time: 1471871054726

  phantomjs://platform/console++.js:263 in error
[INFO  - 2016-08-22T13:09:00.691Z] SessionManagerReqHand - _cleanupWindowlessSessions - Asynchronous Sessions clean-up phase starting NOW
[INFO  - 2016-08-22T13:14:00.682Z] SessionManagerReqHand - _cleanupWindowlessSessions - Asynchronous Sessions clean-up phase starting NOW
[ERROR - 2016-08-22T13:16:41.039Z] WebElementLocator - _handleLocateCommand - Element(s) NOT Found: GAVE UP. Search Stop Time: 1471871801027

  phantomjs://platform/console++.js:263 in error
[INFO  - 2016-08-22T13:19:00.672Z] SessionManagerReqHand - _cleanupWindowlessSessions - Asynchronous Sessions clean-up phase starting NOW
[INFO  - 2016-08-22T13:24:00.669Z] SessionManagerReqHand - _cleanupWindowlessSessions - Asynchronous Sessions clean-up phase starting NOW
[INFO  - 2016-08-22T13:29:00.706Z] SessionManagerReqHand - _cleanupWindowlessSessions - Asynchronous Sessions clean-up phase starting NOW
[INFO  - 2016-08-22T13:34:00.686Z] SessionManagerReqHand - _cleanupWindowlessSessions - Asynchronous Sessions clean-up phase starting NOW
[INFO  - 2016-08-22T13:39:00.677Z] SessionManagerReqHand - _cleanupWindowlessSessions - Asynchronous Sessions clean-up phase starting NOW
[ERROR - 2016-08-22T13:43:30.608Z] Session [dea40ed0-6843-11e6-8c8a-076daea70f3c] - page.onError - msg: ReferenceError: Can't find variable: $

  phantomjs://platform/console++.js:263 in error
[ERROR - 2016-08-22T13:43:30.609Z] Session [dea40ed0-6843-11e6-8c8a-076daea70f3c] - page.onError - stack:
  submission_iframe_loaded (https://www.hackerearth.com/submission/3502776/:317)
  onload (https://www.hackerearth.com/submission/3502776/:270)

  phantomjs://platform/console++.js:263 in error
[INFO  - 2016-08-22T13:44:00.668Z] SessionManagerReqHand - _cleanupWindowlessSessions - Asynchronous Sessions clean-up phase starting NOW
[INFO  - 2016-08-22T13:49:01.076Z] SessionManagerReqHand - _cleanupWindowlessSessions - Asynchronous Sessions clean-up phase starting NOW
[INFO  - 2016-08-22T13:54:01.190Z] SessionManagerReqHand - _cleanupWindowlessSessions - Asynchronous Sessions clean-up phase starting NOW
[INFO  - 2016-08-22T13:59:01.228Z] SessionManagerReqHand - _cleanupWindowlessSessions - Asynchronous Sessions clean-up phase starting NOW
[ERROR - 2016-08-22T14:02:09.863Z] WebElementLocator - _handleLocateCommand - Element(s) NOT Found: GAVE UP. Search Stop Time: 1471874529861

  phantomjs://platform/console++.js:263 in error
[INFO  - 2016-08-22T14:04:01.452Z] SessionManagerReqHand - _cleanupWindowlessSessions - Asynchronous Sessions clean-up phase starting NOW
[INFO  - 2016-08-22T14:09:01.445Z] SessionManagerReqHand - _cleanupWindowlessSessions - Asynchronous Sessions clean-up phase starting NOW
[ERROR - 2016-08-22T14:13:56.980Z] WebElementLocator - _handleLocateCommand - Element(s) NOT Found: GAVE UP. Search Stop Time: 1471875236939

  phantomjs://platform/console++.js:263 in error
[INFO  - 2016-08-22T14:14:01.437Z] SessionManagerReqHand - _cleanupWindowlessSessions - Asynchronous Sessions clean-up phase starting NOW
[INFO  - 2016-08-22T14:19:01.427Z] SessionManagerReqHand - _cleanupWindowlessSessions - Asynchronous Sessions clean-up phase starting NOW
[INFO  - 2016-08-22T14:24:01.430Z] SessionManagerReqHand - _cleanupWindowlessSessions - Asynchronous Sessions clean-up phase starting NOW
[INFO  - 2016-08-22T14:29:01.585Z] SessionManagerReqHand - _cleanupWindowlessSessions - Asynchronous Sessions clean-up phase starting NOW
[INFO  - 2016-08-22T14:34:01.626Z] SessionManagerReqHand - _cleanupWindowlessSessions - Asynchronous Sessions clean-up phase starting NOW
[INFO  - 2016-08-22T14:39:01.619Z] SessionManagerReqHand - _cleanupWindowlessSessions - Asynchronous Sessions clean-up phase starting NOW
[INFO  - 2016-08-22T14:44:02.118Z] SessionManagerReqHand - _cleanupWindowlessSessions - Asynchronous Sessions clean-up phase starting NOW
[INFO  - 2016-08-22T14:49:02.111Z] SessionManagerReqHand - _cleanupWindowlessSessions - Asynchronous Sessions clean-up phase starting NOW
[INFO  - 2016-08-22T14:54:02.112Z] SessionManagerReqHand - _cleanupWindowlessSessions - Asynchronous Sessions clean-up phase starting NOW
[INFO  - 2016-08-22T14:59:03.767Z] SessionManagerReqHand - _cleanupWindowlessSessions - Asynchronous Sessions clean-up phase starting NOW
[INFO  - 2016-08-22T15:04:03.732Z] SessionManagerReqHand - _cleanupWindowlessSessions - Asynchronous Sessions clean-up phase starting NOW
[INFO  - 2016-08-22T15:09:03.724Z] SessionManagerReqHand - _cleanupWindowlessSessions - Asynchronous Sessions clean-up phase starting NOW
[INFO  - 2016-08-22T15:14:03.756Z] SessionManagerReqHand - _cleanupWindowlessSessions - Asynchronous Sessions clean-up phase starting NOW
[INFO  - 2016-08-22T15:19:03.706Z] SessionManagerReqHand - _cleanupWindowlessSessions - Asynchronous Sessions clean-up phase starting NOW
[INFO  - 2016-08-22T15:24:03.699Z] SessionManagerReqHand - _cleanupWindowlessSessions - Asynchronous Sessions clean-up phase starting NOW
[INFO  - 2016-08-22T15:29:03.691Z] SessionManagerReqHand - _cleanupWindowlessSessions - Asynchronous Sessions clean-up phase starting NOW
[ERROR - 2016-08-22T15:31:00.582Z] Session [dea40ed0-6843-11e6-8c8a-076daea70f3c] - page.onError - msg: ReferenceError: Can't find variable: $

  phantomjs://platform/console++.js:263 in error
[ERROR - 2016-08-22T15:31:00.582Z] Session [dea40ed0-6843-11e6-8c8a-076daea70f3c] - page.onError - stack:
  submission_iframe_loaded (https://www.hackerearth.com/submission/4683355/:317)
  onload (https://www.hackerearth.com/submission/4683355/:270)

  phantomjs://platform/console++.js:263 in error
[ERROR - 2016-08-22T15:32:58.721Z] WebElementLocator - _handleLocateCommand - Element(s) NOT Found: GAVE UP. Search Stop Time: 1471879978695

  phantomjs://platform/console++.js:263 in error
[INFO  - 2016-08-22T15:34:03.810Z] SessionManagerReqHand - _cleanupWindowlessSessions - Asynchronous Sessions clean-up phase starting NOW
[INFO  - 2016-08-22T15:39:04.226Z] SessionManagerReqHand - _cleanupWindowlessSessions - Asynchronous Sessions clean-up phase starting NOW
[INFO  - 2016-08-22T15:44:04.306Z] SessionManagerReqHand - _cleanupWindowlessSessions - Asynchronous Sessions clean-up phase starting NOW
[ERROR - 2016-08-22T15:45:03.264Z] WebElementLocator - _handleLocateCommand - Element(s) NOT Found: GAVE UP. Search Stop Time: 1471880703258

  phantomjs://platform/console++.js:263 in error
[INFO  - 2016-08-22T15:49:04.283Z] SessionManagerReqHand - _cleanupWindowlessSessions - Asynchronous Sessions clean-up phase starting NOW
